warning: unused import: `FloorNumber`
   --> dungeon-core/src/action.rs:369:65
    |
369 |     use crate::{Map, MAP_WIDTH, MAP_HEIGHT, Tile, OccupancyMap, FloorNumber};
    |                                                                 ^^^^^^^^^^^
    |
    = note: `#[warn(unused_imports)]` (part of `#[warn(unused)]`) on by default

warning: unused import: `crate::pathfinding::find_path`
   --> dungeon-core/src/action.rs:370:9
    |
370 |     use crate::pathfinding::find_path;
    |         ^^^^^^^^^^^^^^^^^^^^^^^^^^^^^

warning: unused import: `crate::components::AttackName`
   --> dungeon-core/src/action.rs:371:9
    |
371 |     use crate::components::AttackName;
    |         ^^^^^^^^^^^^^^^^^^^^^^^^^^^^^

warning: unused doc comment
  --> dungeon-core/src/global.rs:45:1
   |
45 | /// 线程局部的随机数生成器（用于仲裁时随机选择相同优先级的行动）
   | ^^^^^^^^^^^^^^^^^^^^^^^^^^^^^^^^^^^^^^^^^^^^^^^^^^^^^^^^^^^^^^^^ rustdoc does not generate documentation for macro invocations
   |
   = help: to document an item produced by a macro, the macro must produce the documentation as part of its expansion
   = note: `#[warn(unused_doc_comments)]` (part of `#[warn(unused)]`) on by default

warning: unused import: `effective_defense`
 --> dungeon-core/src/systems.rs:5:23
  |
5 |     effective_attack, effective_defense,
  |                       ^^^^^^^^^^^^^^^^^

warning: unused import: `bevy_ecs::system::RunSystemOnce`
  --> dungeon-core/src/systems.rs:10:5
   |
10 | use bevy_ecs::system::RunSystemOnce;
   |     ^^^^^^^^^^^^^^^^^^^^^^^^^^^^^^^

warning: unused variable: `duration`
   --> dungeon-core/src/action.rs:165:87
    |
165 | ...dV3, reaction_time: f32, duration: f32) {
    |                             ^^^^^^^^ help: if this is intentional, prefix it with an underscore: `_duration`
    |
    = note: `#[warn(unused_variables)]` (part of `#[warn(unused)]`) on by default

warning: unused variable: `stats`
   --> dungeon-core/src/action.rs:284:29
    |
284 |         for (entity, chase, stats, view, reaction) in
    |                             ^^^^^ help: if this is intentional, prefix it with an underscore: `_stats`

warning: unused variable: `target`
   --> dungeon-core/src/action.rs:363:32
    |
363 |         ActionKindV3::Attack { target } => {} // TODO
    |                                ^^^^^^ help: try ignoring the field: `target: _`

warning: variable does not need to be mutable
   --> dungeon-core/src/api.rs:134:9
    |
134 |     let mut pc = PlayerClass::Warrior;
    |         ----^^
    |         |
    |         help: remove this `mut`
    |
    = note: `#[warn(unused_mut)]` (part of `#[warn(unused)]`) on by default

warning: variable does not need to be mutable
   --> dungeon-core/src/systems.rs:131:5
    |
131 |     mut game_rng: ResMut<GameRng>,
    |     ----^^^^^^^^
    |     |
    |     help: remove this `mut`

warning: variable does not need to be mutable
   --> dungeon-core/src/systems.rs:134:32
    |
134 |     let Ok((mut stats, skills, mut buffs, pp, class)) = player.single_mut() ...
    |                                ----^^^^^
    |                                |
    |                                help: remove this `mut`

warning: unused variable: `game_rng`
   --> dungeon-core/src/systems.rs:131:5
    |
131 |     mut game_rng: ResMut<GameRng>,
    |     ^^^^^^^^^^^^ help: if this is intentional, prefix it with an underscore: `_game_rng`

warning: unused variable: `buffs`
   --> dungeon-core/src/systems.rs:134:32
    |
134 | ...t Ok((mut stats, skills, mut buffs, pp, class)) = player.single_mut() els...
    |                             ^^^^^^^^^ help: if this is intentional, prefix it with an underscore: `_buffs`

warning: calls to `std::mem::drop` with a reference instead of an owned value does nothing
   --> dungeon-core/src/action.rs:402:9
    |
402 |         drop(map); drop(occupancy);
    |         ^^^^^---^
    |              |
    |              argument has type `&Map`
    |
    = note: `#[warn(dropping_references)]` on by default
help: use `let _ = ...` to ignore the expression or result
    |
402 -         drop(map); drop(occupancy);
402 +         let _ = map; drop(occupancy);
    |

warning: calls to `std::mem::drop` with a reference instead of an owned value does nothing
   --> dungeon-core/src/action.rs:402:20
    |
402 |         drop(map); drop(occupancy);
    |                    ^^^^^---------^
    |                         |
    |                         argument has type `&resources::OccupancyMap`
    |
help: use `let _ = ...` to ignore the expression or result
    |
402 -         drop(map); drop(occupancy);
402 +         drop(map); let _ = occupancy;
    |

warning: unused `Result` that must be used
   --> dungeon-core/src/action.rs:507:9
    |
507 |         world!(mut).run_system_once(movement_system);
    |         ^^^^^^^^^^^^^^^^^^^^^^^^^^^^^^^^^^^^^^^^^^^^
    |
    = note: this `Result` may be an `Err` variant, which should be handled
    = note: `#[warn(unused_must_use)]` (part of `#[warn(unused)]`) on by default
help: use `let _ = ...` to ignore the resulting value
    |
507 |         let _ = world!(mut).run_system_once(movement_system);
    |         +++++++

warning: `dungeon-core` (lib) generated 17 warnings (run `cargo fix --lib -p dungeon-core` to apply 13 suggestions)
warning: unused import: `Player`
 --> dungeon-render/src/timeline.rs:2:29
  |
2 |     EntityName, GamePacing, Player, Position, Renderable,
  |                             ^^^^^^
  |
  = note: `#[warn(unused_imports)]` (part of `#[warn(unused)]`) on by default

warning: unused import: `bevy_ecs::prelude::World`
 --> dungeon-render/src/ui.rs:3:5
  |
3 | use bevy_ecs::prelude::World;
  |     ^^^^^^^^^^^^^^^^^^^^^^^^

warning: `dungeon-render` (lib) generated 2 warnings (run `cargo fix --lib -p dungeon-render` to apply 2 suggestions)
warning: unused imports: `PendingPlayerAction`, `apply_skill`, and `skill_tick_system`
  --> src/main.rs:18:5
   |
18 |     apply_skill, check_death_system, descend,
   |     ^^^^^^^^^^^
19 |     fov_system, rebuild_occupancy, save::GameSave,
20 |     setup_world, skill_tick_system, update_map_memory,
   |                  ^^^^^^^^^^^^^^^^^
21 |     Equipment, EquipmentSlot, EventLog, GamePacing, Inventory, ItemInstance,
22 |     ManualOverride, Monster, PacingMode, PendingInput, PendingLevelUp, PendingPlayerAction,
   |                                                                        ^^^^^^^^^^^^^^^^^^^
   |
   = note: `#[warn(unused_imports)]` (part of `#[warn(unused)]`) on by default

warning: variable does not need to be mutable
   --> src/main.rs:553:34
    |
553 | ...   if let Some((mut inv, mut eq)) = q.iter_mut(&mut *w).next() {
    |                    ----^^^
    |                    |
    |                    help: remove this `mut`
    |
    = note: `#[warn(unused_mut)]` (part of `#[warn(unused)]`) on by default

warning: unused `Result` that must be used
  --> src/main.rs:65:5
   |
65 |     world!(mut).run_system_once(fov_system);
   |     ^^^^^^^^^^^^^^^^^^^^^^^^^^^^^^^^^^^^^^^
   |
   = note: this `Result` may be an `Err` variant, which should be handled
   = note: `#[warn(unused_must_use)]` (part of `#[warn(unused)]`) on by default
help: use `let _ = ...` to ignore the resulting value
   |
65 |     let _ = world!(mut).run_system_once(fov_system);
   |     +++++++

warning: unused `Result` that must be used
   --> src/main.rs:107:5
    |
107 |     world!(mut).run_system_once(fov_system);
    |     ^^^^^^^^^^^^^^^^^^^^^^^^^^^^^^^^^^^^^^^
    |
    = note: this `Result` may be an `Err` variant, which should be handled
help: use `let _ = ...` to ignore the resulting value
    |
107 |     let _ = world!(mut).run_system_once(fov_system);
    |     +++++++

warning: unused `Result` that must be used
   --> src/main.rs:109:5
    |
109 |     world!(mut).run_system_once(check_death_system);
    |     ^^^^^^^^^^^^^^^^^^^^^^^^^^^^^^^^^^^^^^^^^^^^^^^
    |
    = note: this `Result` may be an `Err` variant, which should be handled
help: use `let _ = ...` to ignore the resulting value
    |
109 |     let _ = world!(mut).run_system_once(check_death_system);
    |     +++++++

warning: unused `Result` that must be used
   --> src/main.rs:368:21
    |
368 |                     world!(mut).run_system_once(fov_system);
    |                     ^^^^^^^^^^^^^^^^^^^^^^^^^^^^^^^^^^^^^^^
    |
    = note: this `Result` may be an `Err` variant, which should be handled
help: use `let _ = ...` to ignore the resulting value
    |
368 |                     let _ = world!(mut).run_system_once(fov_system);
    |                     +++++++

warning: unused `Result` that must be used
   --> src/main.rs:376:29
    |
376 | ...                   world!(mut).run_system_once(fov_system);
    |                       ^^^^^^^^^^^^^^^^^^^^^^^^^^^^^^^^^^^^^^^
    |
    = note: this `Result` may be an `Err` variant, which should be handled
help: use `let _ = ...` to ignore the resulting value
    |
376 |                             let _ = world!(mut).run_system_once(fov_system);
    |                             +++++++

warning: `dungeon-tui` (bin "dungeon-tui") generated 7 warnings (run `cargo fix --bin "dungeon-tui" -p dungeon-tui` to apply 2 suggestions)
    Finished `dev` profile [unoptimized + debuginfo] target(s) in 2.89s
     Running `target/debug/dungeon-tui`
